<?xml version="1.0" encoding="UTF-8"?>
<!-- Generated by org.testng.reporters.JUnitReportReporter -->
<testsuite hostname="Utkarshs-MacBook-Air.local" failures="0" tests="8" name="tests.E2ETestCases" time="8.281" errors="0" timestamp="2024-12-01T16:43:17 IST" skipped="0">
  <testcase classname="tests.E2ETestCases" name="getBookByISBNTest" time="0.641"/>
  <testcase classname="tests.E2ETestCases" name="userAlreadyExistsTest" time="0.757"/>
  <testcase classname="tests.E2ETestCases" name="addListOfBooksTest" time="1.105"/>
  <testcase classname="tests.E2ETestCases" name="generateTokenTest_Success" time="1.145"/>
  <testcase classname="tests.E2ETestCases" name="deleteBookListByISBN" time="0.795"/>
  <testcase classname="tests.E2ETestCases" name="getAllBooksTest" time="1.604"/>
  <testcase classname="tests.E2ETestCases" name="registerUserTest" time="1.270"/>
  <testcase classname="tests.E2ETestCases" name="updateBookListByISBN" time="0.964"/>
</testsuite> <!-- tests.E2ETestCases -->
